0 info it worked if it ends with ok
1 verbose cli [ '/usr/local/bin/node', '/usr/local/bin/npm', 'link' ]
2 info using npm@3.10.10
3 info using node@v6.11.2
4 verbose linkPkg /Users/v-ya/Documents/wave-cli
5 silly gentlyRm /usr/local/lib/node_modules/wave-cli is being purged
6 verbose gentlyRm don't care about contents; nuking /usr/local/lib/node_modules/wave-cli
7 silly vacuum-fs purging /usr/local/lib/node_modules/wave-cli
8 silly vacuum-fs quitting because other entries in /usr/local/lib/node_modules
9 verbose link build target /usr/local/lib/node_modules/wave-cli
10 silly loadCurrentTree Starting
11 silly install loadCurrentTree
12 silly install readLocalPackageData
13 silly install normalizeTree
14 silly loadCurrentTree Finishing
15 silly loadIdealTree Starting
16 silly install loadIdealTree
17 silly cloneCurrentTree Starting
18 silly install cloneCurrentTreeToIdealTree
19 silly cloneCurrentTree Finishing
20 silly loadShrinkwrap Starting
21 silly install loadShrinkwrap
22 silly loadShrinkwrap Finishing
23 silly loadAllDepsIntoIdealTree Starting
24 silly install loadAllDepsIntoIdealTree
25 silly loadAllDepsIntoIdealTree Finishing
26 silly loadIdealTree Finishing
27 silly currentTree wave-cli@1.0.0
27 silly currentTree ├── @babel/code-frame@7.0.0-beta.44
27 silly currentTree ├─┬ @babel/generator@7.0.0-beta.44
27 silly currentTree │ └── jsesc@2.5.1
27 silly currentTree ├── @babel/helper-function-name@7.0.0-beta.44
27 silly currentTree ├── @babel/helper-get-function-arity@7.0.0-beta.44
27 silly currentTree ├── @babel/helper-split-export-declaration@7.0.0-beta.44
27 silly currentTree ├─┬ @babel/highlight@7.0.0-beta.44
27 silly currentTree │ ├── ansi-styles@3.2.1
27 silly currentTree │ ├── chalk@2.4.1
27 silly currentTree │ └── supports-color@5.4.0
27 silly currentTree ├─┬ @babel/template@7.0.0-beta.44
27 silly currentTree │ └── babylon@7.0.0-beta.44
27 silly currentTree ├─┬ @babel/traverse@7.0.0-beta.44
27 silly currentTree │ ├── babylon@7.0.0-beta.44
27 silly currentTree │ └── debug@3.1.0
27 silly currentTree ├─┬ @babel/types@7.0.0-beta.44
27 silly currentTree │ └── to-fast-properties@2.0.0
27 silly currentTree ├── abbrev@1.1.1
27 silly currentTree ├── ansi-regex@2.1.1
27 silly currentTree ├── ansi-styles@2.2.1
27 silly currentTree ├── anymatch@1.3.2
27 silly currentTree ├── aproba@1.2.0
27 silly currentTree ├── are-we-there-yet@1.1.4
27 silly currentTree ├── arr-diff@2.0.0
27 silly currentTree ├── arr-flatten@1.1.0
27 silly currentTree ├── array-unique@0.2.1
27 silly currentTree ├── async-each@1.0.1
27 silly currentTree ├── babel-cli@6.26.0
27 silly currentTree ├── babel-code-frame@6.26.0
27 silly currentTree ├── babel-core@6.26.3
27 silly currentTree ├─┬ babel-eslint@8.2.3
27 silly currentTree │ └── babylon@7.0.0-beta.44
27 silly currentTree ├── babel-generator@6.26.1
27 silly currentTree ├── babel-helper-builder-binary-assignment-operator-visitor@6.24.1
27 silly currentTree ├── babel-helper-explode-assignable-expression@6.24.1
27 silly currentTree ├── babel-helper-function-name@6.24.1
27 silly currentTree ├── babel-helper-get-function-arity@6.24.1
27 silly currentTree ├── babel-helper-remap-async-to-generator@6.24.1
27 silly currentTree ├── babel-helpers@6.24.1
27 silly currentTree ├── babel-messages@6.23.0
27 silly currentTree ├── babel-plugin-check-es2015-constants@6.22.0
27 silly currentTree ├── babel-plugin-syntax-async-functions@6.13.0
27 silly currentTree ├── babel-plugin-syntax-exponentiation-operator@6.13.0
27 silly currentTree ├── babel-plugin-syntax-object-rest-spread@6.13.0
27 silly currentTree ├── babel-plugin-syntax-trailing-function-commas@6.22.0
27 silly currentTree ├── babel-plugin-transform-async-to-generator@6.24.1
27 silly currentTree ├── babel-plugin-transform-es2015-arrow-functions@6.22.0
27 silly currentTree ├── babel-plugin-transform-es2015-function-name@6.24.1
27 silly currentTree ├── babel-plugin-transform-es2015-modules-commonjs@6.26.2
27 silly currentTree ├── babel-plugin-transform-exponentiation-operator@6.24.1
27 silly currentTree ├── babel-plugin-transform-object-rest-spread@6.26.0
27 silly currentTree ├── babel-plugin-transform-strict-mode@6.24.1
27 silly currentTree ├── babel-polyfill@6.26.0
27 silly currentTree ├── babel-preset-latest-node@1.0.0
27 silly currentTree ├── babel-register@6.26.0
27 silly currentTree ├─┬ babel-runtime@6.26.0
27 silly currentTree │ └── regenerator-runtime@0.11.1
27 silly currentTree ├── babel-template@6.26.0
27 silly currentTree ├─┬ babel-traverse@6.26.0
27 silly currentTree │ └── globals@9.18.0
27 silly currentTree ├── babel-types@6.26.0
27 silly currentTree ├── babylon@6.18.0
27 silly currentTree ├── balanced-match@1.0.0
27 silly currentTree ├── binary-extensions@1.11.0
27 silly currentTree ├── brace-expansion@1.1.11
27 silly currentTree ├── braces@1.8.5
27 silly currentTree ├── chalk@1.1.3
27 silly currentTree ├── chokidar@1.7.0
27 silly currentTree ├── chownr@1.0.1
27 silly currentTree ├── code-point-at@1.1.0
27 silly currentTree ├── color-convert@1.9.1
27 silly currentTree ├── color-name@1.1.3
27 silly currentTree ├── commander@2.15.1
27 silly currentTree ├── concat-map@0.0.1
27 silly currentTree ├── console-control-strings@1.1.0
27 silly currentTree ├── convert-source-map@1.5.1
27 silly currentTree ├── core-js@2.5.5
27 silly currentTree ├── core-util-is@1.0.2
27 silly currentTree ├── debug@2.6.9
27 silly currentTree ├── deep-extend@0.5.1
27 silly currentTree ├── delegates@1.0.0
27 silly currentTree ├── detect-indent@4.0.0
27 silly currentTree ├── detect-libc@1.0.3
27 silly currentTree ├── escape-string-regexp@1.0.5
27 silly currentTree ├── eslint-scope@3.7.1
27 silly currentTree ├── eslint-visitor-keys@1.0.0
27 silly currentTree ├── esrecurse@4.2.1
27 silly currentTree ├── estraverse@4.2.0
27 silly currentTree ├── esutils@2.0.2
27 silly currentTree ├── expand-brackets@0.1.5
27 silly currentTree ├── expand-range@1.8.2
27 silly currentTree ├── extglob@0.3.2
27 silly currentTree ├── filename-regex@2.0.1
27 silly currentTree ├── fill-range@2.2.3
27 silly currentTree ├── for-in@1.0.2
27 silly currentTree ├── for-own@0.1.5
27 silly currentTree ├── fs-minipass@1.2.5
27 silly currentTree ├── fs-readdir-recursive@1.1.0
27 silly currentTree ├── fs.realpath@1.0.0
27 silly currentTree ├─┬ fsevents@1.2.3
27 silly currentTree │ ├── abbrev@1.1.1
27 silly currentTree │ ├── ansi-regex@2.1.1
27 silly currentTree │ ├── aproba@1.2.0
27 silly currentTree │ ├── are-we-there-yet@1.1.4
27 silly currentTree │ ├── balanced-match@1.0.0
27 silly currentTree │ ├── brace-expansion@1.1.11
27 silly currentTree │ ├── chownr@1.0.1
27 silly currentTree │ ├── code-point-at@1.1.0
27 silly currentTree │ ├── concat-map@0.0.1
27 silly currentTree │ ├── console-control-strings@1.1.0
27 silly currentTree │ ├── core-util-is@1.0.2
27 silly currentTree │ ├── debug@2.6.9
27 silly currentTree │ ├── deep-extend@0.4.2
27 silly currentTree │ ├── delegates@1.0.0
27 silly currentTree │ ├── detect-libc@1.0.3
27 silly currentTree │ ├── fs-minipass@1.2.5
27 silly currentTree │ ├── fs.realpath@1.0.0
27 silly currentTree │ ├── gauge@2.7.4
27 silly currentTree │ ├── glob@7.1.2
27 silly currentTree │ ├── has-unicode@2.0.1
27 silly currentTree │ ├── iconv-lite@0.4.21
27 silly currentTree │ ├── ignore-walk@3.0.1
27 silly currentTree │ ├── inflight@1.0.6
27 silly currentTree │ ├── inherits@2.0.3
27 silly currentTree │ ├── ini@1.3.5
27 silly currentTree │ ├── is-fullwidth-code-point@1.0.0
27 silly currentTree │ ├── isarray@1.0.0
27 silly currentTree │ ├── minimatch@3.0.4
27 silly currentTree │ ├── minimist@0.0.8
27 silly currentTree │ ├── minipass@2.2.4
27 silly currentTree │ ├── minizlib@1.1.0
27 silly currentTree │ ├── mkdirp@0.5.1
27 silly currentTree │ ├── ms@2.0.0
27 silly currentTree │ ├── needle@2.2.0
27 silly currentTree │ ├── node-pre-gyp@0.9.1
27 silly currentTree │ ├── nopt@4.0.1
27 silly currentTree │ ├── npm-bundled@1.0.3
27 silly currentTree │ ├── npm-packlist@1.1.10
27 silly currentTree │ ├── npmlog@4.1.2
27 silly currentTree │ ├── number-is-nan@1.0.1
27 silly currentTree │ ├── object-assign@4.1.1
27 silly currentTree │ ├── once@1.4.0
27 silly currentTree │ ├── os-homedir@1.0.2
27 silly currentTree │ ├── os-tmpdir@1.0.2
27 silly currentTree │ ├── osenv@0.1.5
27 silly currentTree │ ├── path-is-absolute@1.0.1
27 silly currentTree │ ├── process-nextick-args@2.0.0
27 silly currentTree │ ├─┬ rc@1.2.6
27 silly currentTree │ │ └── minimist@1.2.0
27 silly currentTree │ ├── readable-stream@2.3.6
27 silly currentTree │ ├── rimraf@2.6.2
27 silly currentTree │ ├── safe-buffer@5.1.1
27 silly currentTree │ ├── safer-buffer@2.1.2
27 silly currentTree │ ├── sax@1.2.4
27 silly currentTree │ ├── semver@5.5.0
27 silly currentTree │ ├── set-blocking@2.0.0
27 silly currentTree │ ├── signal-exit@3.0.2
27 silly currentTree │ ├── string_decoder@1.1.1
27 silly currentTree │ ├── string-width@1.0.2
27 silly currentTree │ ├── strip-ansi@3.0.1
27 silly currentTree │ ├── strip-json-comments@2.0.1
27 silly currentTree │ ├── tar@4.4.1
27 silly currentTree │ ├── util-deprecate@1.0.2
27 silly currentTree │ ├── wide-align@1.1.2
27 silly currentTree │ ├── wrappy@1.0.2
27 silly currentTree │ └── yallist@3.0.2
27 silly currentTree ├── gauge@2.7.4
27 silly currentTree ├── glob-base@0.3.0
27 silly currentTree ├── glob-parent@2.0.0
27 silly currentTree ├── glob@7.1.2
27 silly currentTree ├── globals@11.5.0
27 silly currentTree ├── graceful-fs@4.1.11
27 silly currentTree ├── has-ansi@2.0.0
27 silly currentTree ├── has-flag@3.0.0
27 silly currentTree ├── has-unicode@2.0.1
27 silly currentTree ├── home-or-tmp@2.0.0
27 silly currentTree ├── iconv-lite@0.4.21
27 silly currentTree ├── ignore-walk@3.0.1
27 silly currentTree ├── inflight@1.0.6
27 silly currentTree ├── inherits@2.0.3
27 silly currentTree ├── ini@1.3.5
27 silly currentTree ├── invariant@2.2.4
27 silly currentTree ├── is-binary-path@1.0.1
27 silly currentTree ├── is-buffer@1.1.6
27 silly currentTree ├── is-dotfile@1.0.3
27 silly currentTree ├── is-equal-shallow@0.1.3
27 silly currentTree ├── is-extendable@0.1.1
27 silly currentTree ├── is-extglob@1.0.0
27 silly currentTree ├── is-finite@1.0.2
27 silly currentTree ├── is-fullwidth-code-point@1.0.0
27 silly currentTree ├── is-glob@2.0.1
27 silly currentTree ├── is-number@2.1.0
27 silly currentTree ├── is-posix-bracket@0.1.1
27 silly currentTree ├── is-primitive@2.0.0
27 silly currentTree ├── isarray@1.0.0
27 silly currentTree ├── isobject@2.1.0
27 silly currentTree ├── js-tokens@3.0.2
27 silly currentTree ├── jsesc@1.3.0
27 silly currentTree ├── json5@0.5.1
27 silly currentTree ├── kind-of@3.2.2
27 silly currentTree ├── lodash@4.17.10
27 silly currentTree ├── loose-envify@1.3.1
27 silly currentTree ├── micromatch@2.3.11
27 silly currentTree ├── minimatch@3.0.4
27 silly currentTree ├── minimist@0.0.8
27 silly currentTree ├── minipass@2.2.4
27 silly currentTree ├── minizlib@1.1.0
27 silly currentTree ├── mkdirp@0.5.1
27 silly currentTree ├── ms@2.0.0
27 silly currentTree ├── nan@2.10.0
27 silly currentTree ├── needle@2.2.1
27 silly currentTree ├── node-pre-gyp@0.9.1
27 silly currentTree ├── nopt@4.0.1
27 silly currentTree ├── normalize-path@2.1.1
27 silly currentTree ├── npm-bundled@1.0.3
27 silly currentTree ├── npm-packlist@1.1.10
27 silly currentTree ├── npmlog@4.1.2
27 silly currentTree ├── number-is-nan@1.0.1
27 silly currentTree ├── object-assign@4.1.1
27 silly currentTree ├── object.omit@2.0.1
27 silly currentTree ├── once@1.4.0
27 silly currentTree ├── os-homedir@1.0.2
27 silly currentTree ├── os-tmpdir@1.0.2
27 silly currentTree ├── osenv@0.1.5
27 silly currentTree ├── output-file-sync@1.1.2
27 silly currentTree ├── parse-glob@3.0.4
27 silly currentTree ├── path-is-absolute@1.0.1
27 silly currentTree ├── preserve@0.2.0
27 silly currentTree ├── private@0.1.8
27 silly currentTree ├── process-nextick-args@2.0.0
27 silly currentTree ├─┬ randomatic@1.1.7
27 silly currentTree │ ├─┬ is-number@3.0.0
27 silly currentTree │ │ └── kind-of@3.2.2
27 silly currentTree │ └── kind-of@4.0.0
27 silly currentTree ├─┬ rc@1.2.7
27 silly currentTree │ └── minimist@1.2.0
27 silly currentTree ├── readable-stream@2.3.6
27 silly currentTree ├── readdirp@2.1.0
27 silly currentTree ├── regenerator-runtime@0.10.5
27 silly currentTree ├── regex-cache@0.4.4
27 silly currentTree ├── remove-trailing-separator@1.1.0
27 silly currentTree ├── repeat-element@1.1.2
27 silly currentTree ├── repeat-string@1.6.1
27 silly currentTree ├── repeating@2.0.1
27 silly currentTree ├── rimraf@2.6.2
27 silly currentTree ├── safe-buffer@5.1.2
27 silly currentTree ├── safer-buffer@2.1.2
27 silly currentTree ├── sax@1.2.4
27 silly currentTree ├── semver@5.5.0
27 silly currentTree ├── set-blocking@2.0.0
27 silly currentTree ├── set-immediate-shim@1.0.1
27 silly currentTree ├── signal-exit@3.0.2
27 silly currentTree ├── slash@1.0.0
27 silly currentTree ├── source-map-support@0.4.18
27 silly currentTree ├── source-map@0.5.7
27 silly currentTree ├── string_decoder@1.1.1
27 silly currentTree ├── string-width@1.0.2
27 silly currentTree ├── strip-ansi@3.0.1
27 silly currentTree ├── strip-json-comments@2.0.1
27 silly currentTree ├── supports-color@2.0.0
27 silly currentTree ├── tar@4.4.2
27 silly currentTree ├── to-fast-properties@1.0.3
27 silly currentTree ├── trim-right@1.0.1
27 silly currentTree ├── user-home@1.1.1
27 silly currentTree ├── util-deprecate@1.0.2
27 silly currentTree ├── v8flags@2.1.1
27 silly currentTree ├── wide-align@1.1.2
27 silly currentTree ├── wrappy@1.0.2
27 silly currentTree └── yallist@3.0.2
28 silly idealTree wave-cli@1.0.0
28 silly idealTree ├── @babel/code-frame@7.0.0-beta.44
28 silly idealTree ├─┬ @babel/generator@7.0.0-beta.44
28 silly idealTree │ └── jsesc@2.5.1
28 silly idealTree ├── @babel/helper-function-name@7.0.0-beta.44
28 silly idealTree ├── @babel/helper-get-function-arity@7.0.0-beta.44
28 silly idealTree ├── @babel/helper-split-export-declaration@7.0.0-beta.44
28 silly idealTree ├─┬ @babel/highlight@7.0.0-beta.44
28 silly idealTree │ ├── ansi-styles@3.2.1
28 silly idealTree │ ├── chalk@2.4.1
28 silly idealTree │ └── supports-color@5.4.0
28 silly idealTree ├─┬ @babel/template@7.0.0-beta.44
28 silly idealTree │ └── babylon@7.0.0-beta.44
28 silly idealTree ├─┬ @babel/traverse@7.0.0-beta.44
28 silly idealTree │ ├── babylon@7.0.0-beta.44
28 silly idealTree │ └── debug@3.1.0
28 silly idealTree ├─┬ @babel/types@7.0.0-beta.44
28 silly idealTree │ └── to-fast-properties@2.0.0
28 silly idealTree ├── abbrev@1.1.1
28 silly idealTree ├── ansi-regex@2.1.1
28 silly idealTree ├── ansi-styles@2.2.1
28 silly idealTree ├── anymatch@1.3.2
28 silly idealTree ├── aproba@1.2.0
28 silly idealTree ├── are-we-there-yet@1.1.4
28 silly idealTree ├── arr-diff@2.0.0
28 silly idealTree ├── arr-flatten@1.1.0
28 silly idealTree ├── array-unique@0.2.1
28 silly idealTree ├── async-each@1.0.1
28 silly idealTree ├── babel-cli@6.26.0
28 silly idealTree ├── babel-code-frame@6.26.0
28 silly idealTree ├── babel-core@6.26.3
28 silly idealTree ├─┬ babel-eslint@8.2.3
28 silly idealTree │ └── babylon@7.0.0-beta.44
28 silly idealTree ├── babel-generator@6.26.1
28 silly idealTree ├── babel-helper-builder-binary-assignment-operator-visitor@6.24.1
28 silly idealTree ├── babel-helper-explode-assignable-expression@6.24.1
28 silly idealTree ├── babel-helper-function-name@6.24.1
28 silly idealTree ├── babel-helper-get-function-arity@6.24.1
28 silly idealTree ├── babel-helper-remap-async-to-generator@6.24.1
28 silly idealTree ├── babel-helpers@6.24.1
28 silly idealTree ├── babel-messages@6.23.0
28 silly idealTree ├── babel-plugin-check-es2015-constants@6.22.0
28 silly idealTree ├── babel-plugin-syntax-async-functions@6.13.0
28 silly idealTree ├── babel-plugin-syntax-exponentiation-operator@6.13.0
28 silly idealTree ├── babel-plugin-syntax-object-rest-spread@6.13.0
28 silly idealTree ├── babel-plugin-syntax-trailing-function-commas@6.22.0
28 silly idealTree ├── babel-plugin-transform-async-to-generator@6.24.1
28 silly idealTree ├── babel-plugin-transform-es2015-arrow-functions@6.22.0
28 silly idealTree ├── babel-plugin-transform-es2015-function-name@6.24.1
28 silly idealTree ├── babel-plugin-transform-es2015-modules-commonjs@6.26.2
28 silly idealTree ├── babel-plugin-transform-exponentiation-operator@6.24.1
28 silly idealTree ├── babel-plugin-transform-object-rest-spread@6.26.0
28 silly idealTree ├── babel-plugin-transform-strict-mode@6.24.1
28 silly idealTree ├── babel-polyfill@6.26.0
28 silly idealTree ├── babel-preset-latest-node@1.0.0
28 silly idealTree ├── babel-register@6.26.0
28 silly idealTree ├─┬ babel-runtime@6.26.0
28 silly idealTree │ └── regenerator-runtime@0.11.1
28 silly idealTree ├── babel-template@6.26.0
28 silly idealTree ├─┬ babel-traverse@6.26.0
28 silly idealTree │ └── globals@9.18.0
28 silly idealTree ├── babel-types@6.26.0
28 silly idealTree ├── babylon@6.18.0
28 silly idealTree ├── balanced-match@1.0.0
28 silly idealTree ├── binary-extensions@1.11.0
28 silly idealTree ├── brace-expansion@1.1.11
28 silly idealTree ├── braces@1.8.5
28 silly idealTree ├── chalk@1.1.3
28 silly idealTree ├── chokidar@1.7.0
28 silly idealTree ├── chownr@1.0.1
28 silly idealTree ├── code-point-at@1.1.0
28 silly idealTree ├── color-convert@1.9.1
28 silly idealTree ├── color-name@1.1.3
28 silly idealTree ├── commander@2.15.1
28 silly idealTree ├── concat-map@0.0.1
28 silly idealTree ├── console-control-strings@1.1.0
28 silly idealTree ├── convert-source-map@1.5.1
28 silly idealTree ├── core-js@2.5.5
28 silly idealTree ├── core-util-is@1.0.2
28 silly idealTree ├── debug@2.6.9
28 silly idealTree ├── deep-extend@0.5.1
28 silly idealTree ├── delegates@1.0.0
28 silly idealTree ├── detect-indent@4.0.0
28 silly idealTree ├── detect-libc@1.0.3
28 silly idealTree ├── escape-string-regexp@1.0.5
28 silly idealTree ├── eslint-scope@3.7.1
28 silly idealTree ├── eslint-visitor-keys@1.0.0
28 silly idealTree ├── esrecurse@4.2.1
28 silly idealTree ├── estraverse@4.2.0
28 silly idealTree ├── esutils@2.0.2
28 silly idealTree ├── expand-brackets@0.1.5
28 silly idealTree ├── expand-range@1.8.2
28 silly idealTree ├── extglob@0.3.2
28 silly idealTree ├── filename-regex@2.0.1
28 silly idealTree ├── fill-range@2.2.3
28 silly idealTree ├── for-in@1.0.2
28 silly idealTree ├── for-own@0.1.5
28 silly idealTree ├── fs-minipass@1.2.5
28 silly idealTree ├── fs-readdir-recursive@1.1.0
28 silly idealTree ├── fs.realpath@1.0.0
28 silly idealTree ├─┬ fsevents@1.2.3
28 silly idealTree │ ├── abbrev@1.1.1
28 silly idealTree │ ├── ansi-regex@2.1.1
28 silly idealTree │ ├── aproba@1.2.0
28 silly idealTree │ ├── are-we-there-yet@1.1.4
28 silly idealTree │ ├── balanced-match@1.0.0
28 silly idealTree │ ├── brace-expansion@1.1.11
28 silly idealTree │ ├── chownr@1.0.1
28 silly idealTree │ ├── code-point-at@1.1.0
28 silly idealTree │ ├── concat-map@0.0.1
28 silly idealTree │ ├── console-control-strings@1.1.0
28 silly idealTree │ ├── core-util-is@1.0.2
28 silly idealTree │ ├── debug@2.6.9
28 silly idealTree │ ├── deep-extend@0.4.2
28 silly idealTree │ ├── delegates@1.0.0
28 silly idealTree │ ├── detect-libc@1.0.3
28 silly idealTree │ ├── fs-minipass@1.2.5
28 silly idealTree │ ├── fs.realpath@1.0.0
28 silly idealTree │ ├── gauge@2.7.4
28 silly idealTree │ ├── glob@7.1.2
28 silly idealTree │ ├── has-unicode@2.0.1
28 silly idealTree │ ├── iconv-lite@0.4.21
28 silly idealTree │ ├── ignore-walk@3.0.1
28 silly idealTree │ ├── inflight@1.0.6
28 silly idealTree │ ├── inherits@2.0.3
28 silly idealTree │ ├── ini@1.3.5
28 silly idealTree │ ├── is-fullwidth-code-point@1.0.0
28 silly idealTree │ ├── isarray@1.0.0
28 silly idealTree │ ├── minimatch@3.0.4
28 silly idealTree │ ├── minimist@0.0.8
28 silly idealTree │ ├── minipass@2.2.4
28 silly idealTree │ ├── minizlib@1.1.0
28 silly idealTree │ ├── mkdirp@0.5.1
28 silly idealTree │ ├── ms@2.0.0
28 silly idealTree │ ├── needle@2.2.0
28 silly idealTree │ ├── node-pre-gyp@0.9.1
28 silly idealTree │ ├── nopt@4.0.1
28 silly idealTree │ ├── npm-bundled@1.0.3
28 silly idealTree │ ├── npm-packlist@1.1.10
28 silly idealTree │ ├── npmlog@4.1.2
28 silly idealTree │ ├── number-is-nan@1.0.1
28 silly idealTree │ ├── object-assign@4.1.1
28 silly idealTree │ ├── once@1.4.0
28 silly idealTree │ ├── os-homedir@1.0.2
28 silly idealTree │ ├── os-tmpdir@1.0.2
28 silly idealTree │ ├── osenv@0.1.5
28 silly idealTree │ ├── path-is-absolute@1.0.1
28 silly idealTree │ ├── process-nextick-args@2.0.0
28 silly idealTree │ ├─┬ rc@1.2.6
28 silly idealTree │ │ └── minimist@1.2.0
28 silly idealTree │ ├── readable-stream@2.3.6
28 silly idealTree │ ├── rimraf@2.6.2
28 silly idealTree │ ├── safe-buffer@5.1.1
28 silly idealTree │ ├── safer-buffer@2.1.2
28 silly idealTree │ ├── sax@1.2.4
28 silly idealTree │ ├── semver@5.5.0
28 silly idealTree │ ├── set-blocking@2.0.0
28 silly idealTree │ ├── signal-exit@3.0.2
28 silly idealTree │ ├── string_decoder@1.1.1
28 silly idealTree │ ├── string-width@1.0.2
28 silly idealTree │ ├── strip-ansi@3.0.1
28 silly idealTree │ ├── strip-json-comments@2.0.1
28 silly idealTree │ ├── tar@4.4.1
28 silly idealTree │ ├── util-deprecate@1.0.2
28 silly idealTree │ ├── wide-align@1.1.2
28 silly idealTree │ ├── wrappy@1.0.2
28 silly idealTree │ └── yallist@3.0.2
28 silly idealTree ├── gauge@2.7.4
28 silly idealTree ├── glob-base@0.3.0
28 silly idealTree ├── glob-parent@2.0.0
28 silly idealTree ├── glob@7.1.2
28 silly idealTree ├── globals@11.5.0
28 silly idealTree ├── graceful-fs@4.1.11
28 silly idealTree ├── has-ansi@2.0.0
28 silly idealTree ├── has-flag@3.0.0
28 silly idealTree ├── has-unicode@2.0.1
28 silly idealTree ├── home-or-tmp@2.0.0
28 silly idealTree ├── iconv-lite@0.4.21
28 silly idealTree ├── ignore-walk@3.0.1
28 silly idealTree ├── inflight@1.0.6
28 silly idealTree ├── inherits@2.0.3
28 silly idealTree ├── ini@1.3.5
28 silly idealTree ├── invariant@2.2.4
28 silly idealTree ├── is-binary-path@1.0.1
28 silly idealTree ├── is-buffer@1.1.6
28 silly idealTree ├── is-dotfile@1.0.3
28 silly idealTree ├── is-equal-shallow@0.1.3
28 silly idealTree ├── is-extendable@0.1.1
28 silly idealTree ├── is-extglob@1.0.0
28 silly idealTree ├── is-finite@1.0.2
28 silly idealTree ├── is-fullwidth-code-point@1.0.0
28 silly idealTree ├── is-glob@2.0.1
28 silly idealTree ├── is-number@2.1.0
28 silly idealTree ├── is-posix-bracket@0.1.1
28 silly idealTree ├── is-primitive@2.0.0
28 silly idealTree ├── isarray@1.0.0
28 silly idealTree ├── isobject@2.1.0
28 silly idealTree ├── js-tokens@3.0.2
28 silly idealTree ├── jsesc@1.3.0
28 silly idealTree ├── json5@0.5.1
28 silly idealTree ├── kind-of@3.2.2
28 silly idealTree ├── lodash@4.17.10
28 silly idealTree ├── loose-envify@1.3.1
28 silly idealTree ├── micromatch@2.3.11
28 silly idealTree ├── minimatch@3.0.4
28 silly idealTree ├── minimist@0.0.8
28 silly idealTree ├── minipass@2.2.4
28 silly idealTree ├── minizlib@1.1.0
28 silly idealTree ├── mkdirp@0.5.1
28 silly idealTree ├── ms@2.0.0
28 silly idealTree ├── nan@2.10.0
28 silly idealTree ├── needle@2.2.1
28 silly idealTree ├── node-pre-gyp@0.9.1
28 silly idealTree ├── nopt@4.0.1
28 silly idealTree ├── normalize-path@2.1.1
28 silly idealTree ├── npm-bundled@1.0.3
28 silly idealTree ├── npm-packlist@1.1.10
28 silly idealTree ├── npmlog@4.1.2
28 silly idealTree ├── number-is-nan@1.0.1
28 silly idealTree ├── object-assign@4.1.1
28 silly idealTree ├── object.omit@2.0.1
28 silly idealTree ├── once@1.4.0
28 silly idealTree ├── os-homedir@1.0.2
28 silly idealTree ├── os-tmpdir@1.0.2
28 silly idealTree ├── osenv@0.1.5
28 silly idealTree ├── output-file-sync@1.1.2
28 silly idealTree ├── parse-glob@3.0.4
28 silly idealTree ├── path-is-absolute@1.0.1
28 silly idealTree ├── preserve@0.2.0
28 silly idealTree ├── private@0.1.8
28 silly idealTree ├── process-nextick-args@2.0.0
28 silly idealTree ├─┬ randomatic@1.1.7
28 silly idealTree │ ├─┬ is-number@3.0.0
28 silly idealTree │ │ └── kind-of@3.2.2
28 silly idealTree │ └── kind-of@4.0.0
28 silly idealTree ├─┬ rc@1.2.7
28 silly idealTree │ └── minimist@1.2.0
28 silly idealTree ├── readable-stream@2.3.6
28 silly idealTree ├── readdirp@2.1.0
28 silly idealTree ├── regenerator-runtime@0.10.5
28 silly idealTree ├── regex-cache@0.4.4
28 silly idealTree ├── remove-trailing-separator@1.1.0
28 silly idealTree ├── repeat-element@1.1.2
28 silly idealTree ├── repeat-string@1.6.1
28 silly idealTree ├── repeating@2.0.1
28 silly idealTree ├── rimraf@2.6.2
28 silly idealTree ├── safe-buffer@5.1.2
28 silly idealTree ├── safer-buffer@2.1.2
28 silly idealTree ├── sax@1.2.4
28 silly idealTree ├── semver@5.5.0
28 silly idealTree ├── set-blocking@2.0.0
28 silly idealTree ├── set-immediate-shim@1.0.1
28 silly idealTree ├── signal-exit@3.0.2
28 silly idealTree ├── slash@1.0.0
28 silly idealTree ├── source-map-support@0.4.18
28 silly idealTree ├── source-map@0.5.7
28 silly idealTree ├── string_decoder@1.1.1
28 silly idealTree ├── string-width@1.0.2
28 silly idealTree ├── strip-ansi@3.0.1
28 silly idealTree ├── strip-json-comments@2.0.1
28 silly idealTree ├── supports-color@2.0.0
28 silly idealTree ├── tar@4.4.2
28 silly idealTree ├── to-fast-properties@1.0.3
28 silly idealTree ├── trim-right@1.0.1
28 silly idealTree ├── user-home@1.1.1
28 silly idealTree ├── util-deprecate@1.0.2
28 silly idealTree ├── v8flags@2.1.1
28 silly idealTree ├── wide-align@1.1.2
28 silly idealTree ├── wrappy@1.0.2
28 silly idealTree └── yallist@3.0.2
29 silly generateActionsToTake Starting
30 silly install generateActionsToTake
31 silly generateActionsToTake Finishing
32 silly diffTrees action count 0
33 silly decomposeActions action count 0
34 silly runTopLevelLifecycles Starting
35 silly install runPreinstallTopLevelLifecycles
36 silly preinstall wave-cli@1.0.0 /Users/v-ya/Documents/wave-cli/wave-cli-5c7b4a31
37 info lifecycle wave-cli@1.0.0~preinstall: wave-cli@1.0.0
38 silly lifecycle wave-cli@1.0.0~preinstall: no script for preinstall, continuing
39 silly executeActions Starting
40 silly install executeActions
41 silly doSerial global-install 0
42 silly doParallel fetch 0
43 verbose correctMkdir /Users/v-ya/.npm/_locks correctMkdir not in flight; initializing
44 verbose lock using /Users/v-ya/.npm/_locks/staging-98737284ebe134f0.lock for /Users/v-ya/Documents/wave-cli/node_modules/.staging
45 silly doParallel extract 0
46 silly doParallel preinstall 0
47 silly doReverseSerial remove 0
48 silly doSerial move 0
49 silly doSerial finalize 0
50 silly doSerial build 0
51 silly doSerial global-link 0
52 silly doParallel update-linked 0
53 silly doSerial install 0
54 silly doSerial postinstall 0
55 verbose unlock done using /Users/v-ya/.npm/_locks/staging-98737284ebe134f0.lock for /Users/v-ya/Documents/wave-cli/node_modules/.staging
56 silly executeActions Finishing
57 silly rollbackFailedOptional Starting
58 silly rollbackFailedOptional Finishing
59 silly install runPostinstallTopLevelLifecycles
60 silly build wave-cli@1.0.0
61 info linkStuff wave-cli@1.0.0
62 silly linkStuff wave-cli@1.0.0 has /Users/v-ya/Documents as its parent node_modules
63 verbose linkBins wave-cli@1.0.0
64 verbose linkMans wave-cli@1.0.0
65 silly install wave-cli@1.0.0 /Users/v-ya/Documents/wave-cli/wave-cli-5c7b4a31
66 info lifecycle wave-cli@1.0.0~install: wave-cli@1.0.0
67 silly lifecycle wave-cli@1.0.0~install: no script for install, continuing
68 silly postinstall wave-cli@1.0.0 /Users/v-ya/Documents/wave-cli/wave-cli-5c7b4a31
69 info lifecycle wave-cli@1.0.0~postinstall: wave-cli@1.0.0
70 silly lifecycle wave-cli@1.0.0~postinstall: no script for postinstall, continuing
71 silly prepublish wave-cli@1.0.0 /Users/v-ya/Documents/wave-cli/wave-cli-5c7b4a31
72 info lifecycle wave-cli@1.0.0~prepublish: wave-cli@1.0.0
73 silly lifecycle wave-cli@1.0.0~prepublish: no script for prepublish, continuing
74 silly runTopLevelLifecycles Finishing
75 silly install printInstalled
76 warn wave-cli@1.0.0 No description
77 verbose If you need help, you may report this error at:
77 verbose     <https://github.com/npm/npm/issues>
78 info build /usr/local/lib/node_modules/wave-cli
79 info linkStuff wave-cli@1.0.0
80 silly linkStuff wave-cli@1.0.0 has /usr/local/lib/node_modules as its parent node_modules
81 silly linkStuff wave-cli@1.0.0 is part of a global install
82 silly linkStuff wave-cli@1.0.0 is installed into a global node_modules
83 silly linkStuff wave-cli@1.0.0 is installed into the top-level global node_modules
84 verbose linkBins wave-cli@1.0.0
85 verbose link bins [ { hi: './index.js' }, '/usr/local/bin', true ]
86 verbose linkMans wave-cli@1.0.0
87 silly gentlyRm /usr/local/bin/hi is being gently removed
88 silly isEverInside /usr/local/bin/hi is not inside /Users/v-ya/Documents/wave-cli
89 silly isEverInside /usr/local/lib/node_modules/wave-cli/bin/hi.js is not inside /Users/v-ya/Documents/wave-cli
90 silly isEverInside /usr/local/bin/hi is not inside /Users/v-ya/Documents/wave-cli
91 silly isEverInside /usr/local/lib/node_modules/wave-cli/bin/hi.js is not inside /Users/v-ya/Documents/wave-cli
92 silly gentlyRm parent.path = /Users/v-ya/Documents/wave-cli
93 silly gentlyRm parent.managed = /Users/v-ya/Documents/wave-cli is in /Users/v-ya/Documents/wave-cli
94 silly gentlyRm target.path =  /usr/local/bin/hi
95 silly gentlyRm target.symlink = ../lib/node_modules/wave-cli/bin/hi.js
96 silly gentlyRm target.managed = /usr/local/bin/hi is in /usr/local
97 silly gentlyRm target.inParent =  false
98 warn gentlyRm not removing /usr/local/bin/hi as it wasn't installed by /Users/v-ya/Documents/wave-cli
99 verbose stack Error: EEXIST: file already exists, symlink '../lib/node_modules/wave-cli/index.js' -> '/usr/local/bin/hi'
99 verbose stack     at Error (native)
100 verbose cwd /Users/v-ya/Documents/wave-cli/src
101 error Darwin 17.5.0
102 error argv "/usr/local/bin/node" "/usr/local/bin/npm" "link"
103 error node v6.11.2
104 error npm  v3.10.10
105 error path ../lib/node_modules/wave-cli/index.js
106 error code EEXIST
107 error errno -17
108 error syscall symlink
109 error EEXIST: file already exists, symlink '../lib/node_modules/wave-cli/index.js' -> '/usr/local/bin/hi'
110 error File exists: ../lib/node_modules/wave-cli/index.js
111 error Move it away, and try again.
112 verbose exit [ -17, true ]
